<?xml version="1.0" encoding="UTF-8"?>
<testng-results ignored="0" total="4" passed="4" failed="0" skipped="0">
  <reporter-output>
  </reporter-output>
  <suite started-at="2024-03-25T11:23:51 IST" name="Suite" finished-at="2024-03-25T11:23:58 IST" duration-ms="6798">
    <groups>
    </groups>
    <test started-at="2024-03-25T11:23:51 IST" name="Test" finished-at="2024-03-25T11:23:58 IST" duration-ms="6798">
      <class name="day8.UpdateUser">
        <test-method signature="test_updateuser(org.testng.ITestContext)[pri:0, instance:day8.UpdateUser@383bfa16]" started-at="2024-03-25T11:23:55 IST" name="test_updateuser" finished-at="2024-03-25T11:23:56 IST" duration-ms="1112" status="PASS">
          <params>
            <param index="0">
              <value>
                <![CDATA[org.testng.TestRunner@1caa0244]]>
              </value>
            </param>
          </params>
          <reporter-output>
          </reporter-output>
        </test-method> <!-- test_updateuser -->
      </class> <!-- day8.UpdateUser -->
      <class name="day8.DeleteUser">
        <test-method signature="test_deleteuser(org.testng.ITestContext)[pri:0, instance:day8.DeleteUser@4d465b11]" started-at="2024-03-25T11:23:56 IST" name="test_deleteuser" finished-at="2024-03-25T11:23:58 IST" duration-ms="1153" status="PASS">
          <params>
            <param index="0">
              <value>
                <![CDATA[org.testng.TestRunner@1caa0244]]>
              </value>
            </param>
          </params>
          <reporter-output>
          </reporter-output>
        </test-method> <!-- test_deleteuser -->
      </class> <!-- day8.DeleteUser -->
      <class name="day8.CreateUser">
        <test-method signature="test_createuser(org.testng.ITestContext)[pri:0, instance:day8.CreateUser@6f46426d]" started-at="2024-03-25T11:23:51 IST" name="test_createuser" finished-at="2024-03-25T11:23:54 IST" duration-ms="3545" status="PASS">
          <params>
            <param index="0">
              <value>
                <![CDATA[org.testng.TestRunner@1caa0244]]>
              </value>
            </param>
          </params>
          <reporter-output>
          </reporter-output>
        </test-method> <!-- test_createuser -->
      </class> <!-- day8.CreateUser -->
      <class name="day8.GetUser">
        <test-method signature="test_getUser(org.testng.ITestContext)[pri:0, instance:day8.GetUser@71def8f8]" started-at="2024-03-25T11:23:54 IST" name="test_getUser" finished-at="2024-03-25T11:23:55 IST" duration-ms="925" status="PASS">
          <params>
            <param index="0">
              <value>
                <![CDATA[org.testng.TestRunner@1caa0244]]>
              </value>
            </param>
          </params>
          <reporter-output>
          </reporter-output>
        </test-method> <!-- test_getUser -->
      </class> <!-- day8.GetUser -->
    </test> <!-- Test -->
  </suite> <!-- Suite -->
</testng-results>
