<?xml version="1.0" encoding="UTF-8"?>
<!-- Generated by org.testng.reporters.JUnitXMLReporter -->
<testsuite ignored="0" hostname="pravallika" failures="0" tests="4" name="Test1" time="0.199" errors="0" timestamp="2023-05-02T18:12:14 IST">
  <testcase classname="testng.TestNG1" name="tc001" time="0.013"/>
  <testcase classname="testng.TestNG1" name="tc002" time="0.008"/>
  <testcase classname="testng.TestNG2" name="tc003" time="0.005"/>
  <testcase classname="testng.TestNG2" name="tc004" time="0.018"/>
</testsuite> <!-- Test1 -->
