<?xml version="1.0" encoding="UTF-8"?>
<!-- Generated by org.testng.reporters.JUnitXMLReporter -->
<testsuite ignored="0" hostname="pravallika" failures="0" tests="4" name="Test2" time="0.085" errors="0" timestamp="2023-05-02T18:12:15 IST">
  <testcase classname="testng.TestNG3" name="tc005" time="0.002"/>
  <testcase classname="testng.TestNG3" name="tc006" time="0.005"/>
  <testcase classname="testng.TestNG4" name="tc007" time="0.014"/>
  <testcase classname="testng.TestNG4" name="tc008" time="0.008"/>
</testsuite> <!-- Test2 -->
