<?xml version="1.0" encoding="UTF-8"?>
<!-- Generated by org.testng.reporters.JUnitXMLReporter -->
<testsuite ignored="0" hostname="pravallika" failures="0" tests="8" name="Test" time="0.193" errors="0" timestamp="2023-05-02T17:50:59 IST">
  <testcase classname="testng.TestNG1" name="tc001" time="0.019"/>
  <testcase classname="testng.TestNG1" name="tc002" time="0.013"/>
  <testcase classname="testng.TestNG2" name="tc003" time="0.005"/>
  <testcase classname="testng.TestNG2" name="tc004" time="0.005"/>
  <testcase classname="testng.TestNG3" name="tc005" time="0.004"/>
  <testcase classname="testng.TestNG3" name="tc006" time="0.005"/>
  <testcase classname="testng.TestNG4" name="tc007" time="0.011"/>
  <testcase classname="testng.TestNG4" name="tc008" time="0.005"/>
</testsuite> <!-- Test -->
