<?xml version="1.0" encoding="UTF-8"?>
<!-- Generated by org.testng.reporters.JUnitXMLReporter -->
<testsuite ignored="0" hostname="pravallika" failures="1" tests="1" name="Test" time="38.989" errors="0" timestamp="2023-05-07T07:22:35 IST">
  <testcase classname="com.swaglabs.testscripts.Loginpagetest" name="verifyTheLoginButtonWithUsernameAndPasswordAsBlank" time="0.673">
    <failure type="java.lang.IllegalArgumentException" message="Input must be set">
      <![CDATA[java.lang.IllegalArgumentException: Input must be set
at org.openqa.selenium.internal.Require.nonNull(Require.java:59)
at org.openqa.selenium.support.ui.FluentWait.<init>(FluentWait.java:97)
at org.openqa.selenium.support.ui.WebDriverWait.<init>(WebDriverWait.java:77)
at org.openqa.selenium.support.ui.WebDriverWait.<init>(WebDriverWait.java:46)
at com.swaglabs.utils.SmartFunctions.<init>(SmartFunctions.java:20)
at com.swaglabs.pages.LoginPage.<init>(LoginPage.java:15)
at com.swaglabs.testscripts.Loginpagetest.verifyTheLoginButtonWithUsernameAndPasswordAsBlank(Loginpagetest.java:31)
at java.base/java.util.ArrayList.forEach(ArrayList.java:1511)
... Removed 27 stack frames]]>
    </failure>
  </testcase> <!-- verifyTheLoginButtonWithUsernameAndPasswordAsBlank -->
</testsuite> <!-- Test -->
