<?xml version="1.0" encoding="UTF-8"?>
<testng-results ignored="0" total="4" passed="4" failed="0" skipped="0">
  <reporter-output>
  </reporter-output>
  <suite started-at="2024-03-26T15:49:22 IST" name="Suite" finished-at="2024-03-26T15:49:31 IST" duration-ms="9597">
    <groups>
    </groups>
    <test started-at="2024-03-26T15:49:22 IST" name="Test" finished-at="2024-03-26T15:49:31 IST" duration-ms="9597">
      <class name="api.test.UserTest">
        <test-method is-config="true" signature="setupdata()[pri:0, instance:api.test.UserTest@2805d709]" started-at="2024-03-26T15:49:22 IST" name="setupdata" finished-at="2024-03-26T15:49:23 IST" duration-ms="636" status="PASS">
          <reporter-output>
          </reporter-output>
        </test-method> <!-- setupdata -->
        <test-method signature="testpostuser()[pri:1, instance:api.test.UserTest@2805d709]" started-at="2024-03-26T15:49:23 IST" name="testpostuser" finished-at="2024-03-26T15:49:26 IST" duration-ms="3345" status="PASS">
          <reporter-output>
          </reporter-output>
        </test-method> <!-- testpostuser -->
        <test-method signature="testgetuser()[pri:2, instance:api.test.UserTest@2805d709]" started-at="2024-03-26T15:49:26 IST" name="testgetuser" finished-at="2024-03-26T15:49:28 IST" duration-ms="1743" status="PASS">
          <reporter-output>
          </reporter-output>
        </test-method> <!-- testgetuser -->
        <test-method signature="testupdateuser()[pri:3, instance:api.test.UserTest@2805d709]" started-at="2024-03-26T15:49:28 IST" name="testupdateuser" finished-at="2024-03-26T15:49:29 IST" duration-ms="1331" status="PASS">
          <reporter-output>
          </reporter-output>
        </test-method> <!-- testupdateuser -->
        <test-method signature="testdeleteuser()[pri:4, instance:api.test.UserTest@2805d709]" started-at="2024-03-26T15:49:29 IST" name="testdeleteuser" finished-at="2024-03-26T15:49:31 IST" duration-ms="2229" status="PASS">
          <reporter-output>
          </reporter-output>
        </test-method> <!-- testdeleteuser -->
      </class> <!-- api.test.UserTest -->
    </test> <!-- Test -->
  </suite> <!-- Suite -->
</testng-results>
