<?xml version="1.0" encoding="UTF-8"?>
<!-- Generated by org.testng.reporters.JUnitXMLReporter -->
<testsuite ignored="0" hostname="pravallika" failures="0" tests="4" name="Test" time="6.798" errors="0" timestamp="2024-03-25T11:23:58 IST">
  <testcase classname="day8.CreateUser" name="test_createuser" time="3.545"/>
  <testcase classname="day8.GetUser" name="test_getUser" time="0.925"/>
  <testcase classname="day8.UpdateUser" name="test_updateuser" time="1.112"/>
  <testcase classname="day8.DeleteUser" name="test_deleteuser" time="1.153"/>
</testsuite> <!-- Test -->
