<?xml version="1.0" encoding="UTF-8"?>
<!-- Generated by org.testng.reporters.JUnitXMLReporter -->
<testsuite ignored="0" hostname="pravallika" failures="0" tests="14" name="Default test" time="19.689" errors="0" timestamp="2024-03-26T12:42:36 IST">
  <testcase classname="api.test.Data_Driven_Test" name="test_post_user" time="2.653"/>
  <testcase classname="api.test.Data_Driven_Test" name="test_post_user" time="1.291"/>
  <testcase classname="api.test.Data_Driven_Test" name="test_post_user" time="1.107"/>
  <testcase classname="api.test.Data_Driven_Test" name="test_post_user" time="1.22"/>
  <testcase classname="api.test.Data_Driven_Test" name="test_post_user" time="1.177"/>
  <testcase classname="api.test.Data_Driven_Test" name="test_post_user" time="1.206"/>
  <testcase classname="api.test.Data_Driven_Test" name="test_post_user" time="1.139"/>
  <testcase classname="api.test.Data_Driven_Test" name="test_delete_userbynames" time="1.175"/>
  <testcase classname="api.test.Data_Driven_Test" name="test_delete_userbynames" time="1.229"/>
  <testcase classname="api.test.Data_Driven_Test" name="test_delete_userbynames" time="1.291"/>
  <testcase classname="api.test.Data_Driven_Test" name="test_delete_userbynames" time="1.118"/>
  <testcase classname="api.test.Data_Driven_Test" name="test_delete_userbynames" time="1.24"/>
  <testcase classname="api.test.Data_Driven_Test" name="test_delete_userbynames" time="1.268"/>
  <testcase classname="api.test.Data_Driven_Test" name="test_delete_userbynames" time="1.224"/>
</testsuite> <!-- Default test -->
