<?xml version="1.0" encoding="UTF-8"?>
<!-- Generated by org.testng.reporters.JUnitXMLReporter -->
<testsuite ignored="0" hostname="pravallika" failures="0" tests="4" name="Test" time="9.597" errors="0" timestamp="2024-03-26T15:49:31 IST">
  <testcase classname="api.test.UserTest" name="testpostuser" time="3.345"/>
  <testcase classname="api.test.UserTest" name="testgetuser" time="1.743"/>
  <testcase classname="api.test.UserTest" name="testupdateuser" time="1.331"/>
  <testcase classname="api.test.UserTest" name="testdeleteuser" time="2.229"/>
</testsuite> <!-- Test -->
