<?xml version="1.0" encoding="UTF-8"?>
<testng-results ignored="0" total="1" passed="1" failed="0" skipped="0">
  <reporter-output>
  </reporter-output>
  <suite started-at="2024-05-23T15:36:38 IST" name="Default suite" finished-at="2024-05-23T15:36:41 IST" duration-ms="2937">
    <groups>
    </groups>
    <test started-at="2024-05-23T15:36:38 IST" name="Default test" finished-at="2024-05-23T15:36:41 IST" duration-ms="2937">
      <class name="myntra.Homepage">
        <test-method signature="screenshot()[pri:0, instance:myntra.Homepage@be35cd9]" started-at="2024-05-23T15:36:38 IST" name="screenshot" finished-at="2024-05-23T15:36:41 IST" duration-ms="2910" status="PASS">
          <reporter-output>
          </reporter-output>
        </test-method> <!-- screenshot -->
      </class> <!-- myntra.Homepage -->
    </test> <!-- Default test -->
  </suite> <!-- Default suite -->
</testng-results>
